Performing C SOURCE FILE Test CMAKE_HAVE_LIBC_PTHREAD failed with the following output:
Change Dir: /home/t-anweshb/Desktop/Pollution/Krithika/Runtime/build/CMakeFiles/CMakeTmp

Run Build Command(s):/usr/bin/make cmTC_8ce5e/fast && /usr/bin/make -f CMakeFiles/cmTC_8ce5e.dir/build.make CMakeFiles/cmTC_8ce5e.dir/build
make[1]: Entering directory '/home/t-anweshb/Desktop/Pollution/Krithika/Runtime/build/CMakeFiles/CMakeTmp'
Building C object CMakeFiles/cmTC_8ce5e.dir/src.c.o
/usr/bin/cc   -mrdseed -DCMAKE_HAVE_LIBC_PTHREAD   -o CMakeFiles/cmTC_8ce5e.dir/src.c.o   -c /home/t-anweshb/Desktop/Pollution/Krithika/Runtime/build/CMakeFiles/CMakeTmp/src.c
Linking C executable cmTC_8ce5e
/usr/bin/cmake -E cmake_link_script CMakeFiles/cmTC_8ce5e.dir/link.txt --verbose=1
/usr/bin/cc -mrdseed -DCMAKE_HAVE_LIBC_PTHREAD    -rdynamic CMakeFiles/cmTC_8ce5e.dir/src.c.o  -o cmTC_8ce5e 
/usr/bin/ld: CMakeFiles/cmTC_8ce5e.dir/src.c.o: in function `main':
src.c:(.text+0x46): undefined reference to `pthread_create'
/usr/bin/ld: src.c:(.text+0x52): undefined reference to `pthread_detach'
/usr/bin/ld: src.c:(.text+0x63): undefined reference to `pthread_join'
collect2: error: ld returned 1 exit status
make[1]: *** [CMakeFiles/cmTC_8ce5e.dir/build.make:87: cmTC_8ce5e] Error 1
make[1]: Leaving directory '/home/t-anweshb/Desktop/Pollution/Krithika/Runtime/build/CMakeFiles/CMakeTmp'
make: *** [Makefile:121: cmTC_8ce5e/fast] Error 2


Source file was:
#include <pthread.h>

void* test_func(void* data)
{
  return data;
}

int main(void)
{
  pthread_t thread;
  pthread_create(&thread, NULL, test_func, NULL);
  pthread_detach(thread);
  pthread_join(thread, NULL);
  pthread_atfork(NULL, NULL, NULL);
  pthread_exit(NULL);

  return 0;
}

Determining if the function pthread_create exists in the pthreads failed with the following output:
Change Dir: /home/t-anweshb/Desktop/Pollution/Krithika/Runtime/build/CMakeFiles/CMakeTmp

Run Build Command(s):/usr/bin/make cmTC_41145/fast && /usr/bin/make -f CMakeFiles/cmTC_41145.dir/build.make CMakeFiles/cmTC_41145.dir/build
make[1]: Entering directory '/home/t-anweshb/Desktop/Pollution/Krithika/Runtime/build/CMakeFiles/CMakeTmp'
Building C object CMakeFiles/cmTC_41145.dir/CheckFunctionExists.c.o
/usr/bin/cc   -mrdseed -DCHECK_FUNCTION_EXISTS=pthread_create   -o CMakeFiles/cmTC_41145.dir/CheckFunctionExists.c.o   -c /usr/share/cmake-3.16/Modules/CheckFunctionExists.c
Linking C executable cmTC_41145
/usr/bin/cmake -E cmake_link_script CMakeFiles/cmTC_41145.dir/link.txt --verbose=1
/usr/bin/cc -mrdseed -DCHECK_FUNCTION_EXISTS=pthread_create    -rdynamic CMakeFiles/cmTC_41145.dir/CheckFunctionExists.c.o  -o cmTC_41145  -lpthreads 
/usr/bin/ld: cannot find -lpthreads
collect2: error: ld returned 1 exit status
make[1]: *** [CMakeFiles/cmTC_41145.dir/build.make:87: cmTC_41145] Error 1
make[1]: Leaving directory '/home/t-anweshb/Desktop/Pollution/Krithika/Runtime/build/CMakeFiles/CMakeTmp'
make: *** [Makefile:121: cmTC_41145/fast] Error 2



