Performing C SOURCE FILE Test CMAKE_HAVE_LIBC_PTHREAD failed with the following output:
Change Dir: /home/anwesh/Krithika/Float-to-fixed/build/CMakeFiles/CMakeTmp

<<<<<<< HEAD
Run Build Command(s):/usr/bin/make -f Makefile cmTC_90292/fast && /usr/bin/make  -f CMakeFiles/cmTC_90292.dir/build.make CMakeFiles/cmTC_90292.dir/build
make[1]: Entering directory '/home/anwesh/Krithika/Float-to-fixed/build/CMakeFiles/CMakeTmp'
Building C object CMakeFiles/cmTC_90292.dir/src.c.o
/usr/bin/cc -DCMAKE_HAVE_LIBC_PTHREAD  -mrdseed  -o CMakeFiles/cmTC_90292.dir/src.c.o -c /home/anwesh/Krithika/Float-to-fixed/build/CMakeFiles/CMakeTmp/src.c
Linking C executable cmTC_90292
/usr/bin/cmake -E cmake_link_script CMakeFiles/cmTC_90292.dir/link.txt --verbose=1
/usr/bin/cc -mrdseed  -rdynamic CMakeFiles/cmTC_90292.dir/src.c.o -o cmTC_90292 
CMakeFiles/cmTC_90292.dir/src.c.o: In function `main':
=======
Run Build Command(s):/usr/bin/make -f Makefile cmTC_32b56/fast && /usr/bin/make  -f CMakeFiles/cmTC_32b56.dir/build.make CMakeFiles/cmTC_32b56.dir/build
make[1]: Entering directory '/home/anwesh/Krithika/Float-to-fixed/build/CMakeFiles/CMakeTmp'
Building C object CMakeFiles/cmTC_32b56.dir/src.c.o
/usr/bin/cc -DCMAKE_HAVE_LIBC_PTHREAD  -mrdseed  -o CMakeFiles/cmTC_32b56.dir/src.c.o -c /home/anwesh/Krithika/Float-to-fixed/build/CMakeFiles/CMakeTmp/src.c
Linking C executable cmTC_32b56
/usr/bin/cmake -E cmake_link_script CMakeFiles/cmTC_32b56.dir/link.txt --verbose=1
/usr/bin/cc -mrdseed  -rdynamic CMakeFiles/cmTC_32b56.dir/src.c.o -o cmTC_32b56 
CMakeFiles/cmTC_32b56.dir/src.c.o: In function `main':
>>>>>>> ef6dc235d998cd0d6cdc05039d7c1a3907dbdc56
src.c:(.text+0x3e): undefined reference to `pthread_create'
src.c:(.text+0x4a): undefined reference to `pthread_detach'
src.c:(.text+0x56): undefined reference to `pthread_cancel'
src.c:(.text+0x67): undefined reference to `pthread_join'
src.c:(.text+0x7b): undefined reference to `pthread_atfork'
collect2: error: ld returned 1 exit status
<<<<<<< HEAD
CMakeFiles/cmTC_90292.dir/build.make:98: recipe for target 'cmTC_90292' failed
make[1]: *** [cmTC_90292] Error 1
make[1]: Leaving directory '/home/anwesh/Krithika/Float-to-fixed/build/CMakeFiles/CMakeTmp'
Makefile:127: recipe for target 'cmTC_90292/fast' failed
make: *** [cmTC_90292/fast] Error 2
=======
CMakeFiles/cmTC_32b56.dir/build.make:98: recipe for target 'cmTC_32b56' failed
make[1]: *** [cmTC_32b56] Error 1
make[1]: Leaving directory '/home/anwesh/Krithika/Float-to-fixed/build/CMakeFiles/CMakeTmp'
Makefile:127: recipe for target 'cmTC_32b56/fast' failed
make: *** [cmTC_32b56/fast] Error 2
>>>>>>> ef6dc235d998cd0d6cdc05039d7c1a3907dbdc56


Source file was:
#include <pthread.h>

static void* test_func(void* data)
{
  return data;
}

int main(void)
{
  pthread_t thread;
  pthread_create(&thread, NULL, test_func, NULL);
  pthread_detach(thread);
  pthread_cancel(thread);
  pthread_join(thread, NULL);
  pthread_atfork(NULL, NULL, NULL);
  pthread_exit(NULL);

  return 0;
}

Determining if the function pthread_create exists in the pthreads failed with the following output:
Change Dir: /home/anwesh/Krithika/Float-to-fixed/build/CMakeFiles/CMakeTmp

<<<<<<< HEAD
Run Build Command(s):/usr/bin/make -f Makefile cmTC_19733/fast && /usr/bin/make  -f CMakeFiles/cmTC_19733.dir/build.make CMakeFiles/cmTC_19733.dir/build
make[1]: Entering directory '/home/anwesh/Krithika/Float-to-fixed/build/CMakeFiles/CMakeTmp'
Building C object CMakeFiles/cmTC_19733.dir/CheckFunctionExists.c.o
/usr/bin/cc   -mrdseed -DCHECK_FUNCTION_EXISTS=pthread_create -o CMakeFiles/cmTC_19733.dir/CheckFunctionExists.c.o -c /usr/share/cmake-3.23/Modules/CheckFunctionExists.c
Linking C executable cmTC_19733
/usr/bin/cmake -E cmake_link_script CMakeFiles/cmTC_19733.dir/link.txt --verbose=1
/usr/bin/cc -mrdseed -DCHECK_FUNCTION_EXISTS=pthread_create -rdynamic CMakeFiles/cmTC_19733.dir/CheckFunctionExists.c.o -o cmTC_19733  -lpthreads 
/usr/bin/ld: cannot find -lpthreads
collect2: error: ld returned 1 exit status
CMakeFiles/cmTC_19733.dir/build.make:98: recipe for target 'cmTC_19733' failed
make[1]: *** [cmTC_19733] Error 1
make[1]: Leaving directory '/home/anwesh/Krithika/Float-to-fixed/build/CMakeFiles/CMakeTmp'
Makefile:127: recipe for target 'cmTC_19733/fast' failed
make: *** [cmTC_19733/fast] Error 2
=======
Run Build Command(s):/usr/bin/make -f Makefile cmTC_a6212/fast && /usr/bin/make  -f CMakeFiles/cmTC_a6212.dir/build.make CMakeFiles/cmTC_a6212.dir/build
make[1]: Entering directory '/home/anwesh/Krithika/Float-to-fixed/build/CMakeFiles/CMakeTmp'
Building C object CMakeFiles/cmTC_a6212.dir/CheckFunctionExists.c.o
/usr/bin/cc   -mrdseed -DCHECK_FUNCTION_EXISTS=pthread_create -o CMakeFiles/cmTC_a6212.dir/CheckFunctionExists.c.o -c /usr/share/cmake-3.23/Modules/CheckFunctionExists.c
Linking C executable cmTC_a6212
/usr/bin/cmake -E cmake_link_script CMakeFiles/cmTC_a6212.dir/link.txt --verbose=1
/usr/bin/cc -mrdseed -DCHECK_FUNCTION_EXISTS=pthread_create -rdynamic CMakeFiles/cmTC_a6212.dir/CheckFunctionExists.c.o -o cmTC_a6212  -lpthreads 
/usr/bin/ld: cannot find -lpthreads
collect2: error: ld returned 1 exit status
CMakeFiles/cmTC_a6212.dir/build.make:98: recipe for target 'cmTC_a6212' failed
make[1]: *** [cmTC_a6212] Error 1
make[1]: Leaving directory '/home/anwesh/Krithika/Float-to-fixed/build/CMakeFiles/CMakeTmp'
Makefile:127: recipe for target 'cmTC_a6212/fast' failed
make: *** [cmTC_a6212/fast] Error 2
>>>>>>> ef6dc235d998cd0d6cdc05039d7c1a3907dbdc56



